<?xml version="1.0" encoding="UTF-8"?>
<testng-results ignored="0" total="2" passed="1" failed="1" skipped="0">
  <reporter-output>
  </reporter-output>
  <suite started-at="2024-02-07T21:25:08 IST" name="Cycle1" finished-at="2024-02-07T21:25:29 IST" duration-ms="20519">
    <groups>
      <group name="cucumber">
        <method signature="AbstractTestNGCucumberTests.runScenario(io.cucumber.testng.PickleWrapper,io.cucumber.testng.FeatureWrapper)[pri:0, instance:runner.driverRunner@72d1ad2e]" name="runScenario" class="io.cucumber.testng.AbstractTestNGCucumberTests"/>
      </group> <!-- cucumber -->
    </groups>
    <test started-at="2024-02-07T21:25:08 IST" name="Tutorialspoint" finished-at="2024-02-07T21:25:29 IST" duration-ms="20519">
      <class name="runner.driverRunner">
        <test-method is-config="true" signature="setUpClass(org.testng.ITestContext)[pri:0, instance:runner.driverRunner@72d1ad2e]" started-at="2024-02-07T21:25:08 IST" name="setUpClass" finished-at="2024-02-07T21:25:09 IST" duration-ms="419" status="PASS">
          <params>
            <param index="0">
              <value>
                <![CDATA[org.testng.TestRunner@15f8701f]]>
              </value>
            </param>
          </params>
          <reporter-output>
          </reporter-output>
        </test-method> <!-- setUpClass -->
        <test-method signature="runScenario(io.cucumber.testng.PickleWrapper,io.cucumber.testng.FeatureWrapper)[pri:0, instance:runner.driverRunner@72d1ad2e]" started-at="2024-02-07T21:25:09 IST" name="runScenario" description="Runs Cucumber Scenarios" data-provider="scenarios" finished-at="2024-02-07T21:25:17 IST" duration-ms="7979" status="PASS">
          <params>
            <param index="0">
              <value>
                <![CDATA["Sort the product size and select the minimum price"]]>
              </value>
            </param>
            <param index="1">
              <value>
                <![CDATA["Validate products screen"]]>
              </value>
            </param>
          </params>
          <reporter-output>
          </reporter-output>
        </test-method> <!-- runScenario -->
        <test-method signature="runScenario(io.cucumber.testng.PickleWrapper,io.cucumber.testng.FeatureWrapper)[pri:0, instance:runner.driverRunner@72d1ad2e]" started-at="2024-02-07T21:25:17 IST" name="runScenario" description="Runs Cucumber Scenarios" data-provider="scenarios" finished-at="2024-02-07T21:25:29 IST" duration-ms="12027" status="FAIL">
          <params>
            <param index="0">
              <value>
                <![CDATA["Validate About Menu"]]>
              </value>
            </param>
            <param index="1">
              <value>
                <![CDATA["Validate products screen"]]>
              </value>
            </param>
          </params>
          <exception class="java.lang.AssertionError">
            <message>
              <![CDATA[expected [https://www.saucedemo.com/inventory.htm] but found [https://www.saucedemo.com/inventory.html]]]>
            </message>
            <full-stacktrace>
              <![CDATA[java.lang.AssertionError: expected [https://www.saucedemo.com/inventory.htm] but found [https://www.saucedemo.com/inventory.html]
at org.testng.Assert.fail(Assert.java:111)
at org.testng.Assert.failNotEquals(Assert.java:1578)
at org.testng.Assert.assertEqualsImpl(Assert.java:150)
at org.testng.Assert.assertEquals(Assert.java:132)
at org.testng.Assert.assertEquals(Assert.java:656)
at org.testng.Assert.assertEquals(Assert.java:666)
at stepDef.productScreenTest.return_back_to_product_page(productScreenTest.java:46)
at âœ½.return back to product page(file:///Users/varadharajan/git/Sauce/SauceLabDemo/src/main/java/sauce/feature/productsPage.feature:20)
]]>
            </full-stacktrace>
          </exception> <!-- java.lang.AssertionError -->
          <reporter-output>
          </reporter-output>
        </test-method> <!-- runScenario -->
        <test-method is-config="true" signature="tearDownClass()[pri:0, instance:runner.driverRunner@72d1ad2e]" started-at="2024-02-07T21:25:29 IST" name="tearDownClass" finished-at="2024-02-07T21:25:29 IST" duration-ms="10" status="PASS">
          <reporter-output>
          </reporter-output>
        </test-method> <!-- tearDownClass -->
      </class> <!-- runner.driverRunner -->
    </test> <!-- Tutorialspoint -->
  </suite> <!-- Cycle1 -->
</testng-results>
